2024-11-16T21:51:08+00:00 INFO Array
(
    [Webhook Delivery] => Array
        (
            [Delivery ID] => ca8f32c5dabbaf3de8d5d6795f343cac
            [Date] => Nov 16, 2024 @ 21:51
            [URL] => https://api.printful.com/hook/woocommerce?store=14558829
            [Duration] => 0.20828
            [Request] => Array
                (
                    [Method] => POST
                    [Headers] => Array
                        (
                            [User-Agent] => WooCommerce/9.3.3 Hookshot (WordPress/6.7)
                            [Content-Type] => application/json
                            [X-WC-Webhook-Source] => https://www.saintt.ca/
                            [X-WC-Webhook-Topic] => action.woocommerce_order_status_processing
                            [X-WC-Webhook-Resource] => action
                            [X-WC-Webhook-Event] => woocommerce_order_status_processing
                            [X-WC-Webhook-Signature] => 0LOz6wY/xDs5ni+AmqhW+Q1NwDF63jT4A2rtvZVtba4=
                            [X-WC-Webhook-ID] => 1
                            [X-WC-Webhook-Delivery-ID] => ca8f32c5dabbaf3de8d5d6795f343cac
                        )

                )

            [Body] => Webhook body is not logged unless WP_DEBUG mode is turned on. This is to avoid the storing of personal data in the logs.
            [Response] => Array
                (
                    [Code] => 200
                    [Message] => OK
                    [Headers] => WpOrg\Requests\Utility\CaseInsensitiveDictionary Object
                        (
                            [data:protected] => Array
                                (
                                    [date] => Sat, 16 Nov 2024 21:51:08 GMT
                                    [content-type] => text/html; charset=UTF-8
                                    [vary] => Accept-Encoding
                                    [cf-cache-status] => DYNAMIC
                                    [set-cookie] => __cf_bm=Y9vCfm_Fe6n1Z9rEg8vbpBYO8p5AAeIRJTNcOFv8HY4-1731793868-1.0.1.1-eonZwzcf4xtB6qV7Rme9qzKQhnatw7_orQYLiGixR0Tqbi2_.J_Fblzhe7Iou5X5m7qMc.sS3Cm58WhuxND67Q; path=/; expires=Sat, 16-Nov-24 22:21:08 GMT; domain=.printful.com; HttpOnly; Secure; SameSite=None
                                    [strict-transport-security] => max-age=31536000; includeSubDomains; preload
                                    [x-content-type-options] => nosniff
                                    [server] => cloudflare
                                    [cf-ray] => 8e3ab35eff0e4d0b-BOS
                                    [content-encoding] => gzip
                                    [alt-svc] => h3=":443"; ma=86400
                                )

                        )

                    [Body] => Webhook body is not logged unless WP_DEBUG mode is turned on. This is to avoid the storing of personal data in the logs.
                )

        )

)
